\BOOKMARK [0][-]{chapter.1}{\376\377\000U\000v\000o\000d}{}% 1
\BOOKMARK [0][-]{chapter.2}{\376\377\000U\000v\000o\000d\000\040\000u\000\040\000O\000C\000R}{}% 2
\BOOKMARK [1][-]{section.2.1}{\376\377\000P\000r\000e\000d\000o\000b\000r\000a\000d\000a}{chapter.2}% 3
\BOOKMARK [2][-]{subsection.2.1.1}{\376\377\000B\000i\000n\000a\000r\000i\000z\000a\000c\000i\000j\000a}{section.2.1}% 4
\BOOKMARK [2][-]{subsection.2.1.2}{\376\377\000I\000s\000p\000r\000a\000v\000l\000j\000a\000n\000j\000e\000\040\000n\000a\000g\000n\000u\001\007\000a}{section.2.1}% 5
\BOOKMARK [1][-]{section.2.2}{\376\377\000S\000e\000g\000m\000e\000n\000t\000a\000c\000i\000j\000a}{chapter.2}% 6
\BOOKMARK [1][-]{section.2.3}{\376\377\000I\000z\000d\000v\000a\000j\000a\000n\000j\000e\000\040\000z\000n\000a\001\015\000a\000j\000k\000i}{chapter.2}% 7
\BOOKMARK [1][-]{section.2.4}{\376\377\000K\000l\000a\000s\000i\000f\000i\000k\000a\000c\000i\000j\000s\000k\000e\000\040\000a\000r\000h\000i\000t\000e\000k\000t\000u\000r\000e}{chapter.2}% 8
\BOOKMARK [2][-]{subsection.2.4.1}{\376\377\000U\000s\000p\000o\000r\000e\000d\000b\000a\000\040\000p\000r\000e\000d\000l\000o\001\176\000a\000k\000a}{section.2.4}% 9
\BOOKMARK [2][-]{subsection.2.4.2}{\376\377\000C\000N\000N}{section.2.4}% 10
\BOOKMARK [2][-]{subsection.2.4.3}{\376\377\000R\000N\000N}{section.2.4}% 11
\BOOKMARK [2][-]{subsection.2.4.4}{\376\377\000L\000S\000T\000M}{section.2.4}% 12
\BOOKMARK [1][-]{section.2.5}{\376\377\000N\000a\000k\000n\000a\000d\000n\000a\000\040\000o\000b\000r\000a\000d\000a}{chapter.2}% 13
\BOOKMARK [0][-]{chapter.3}{\376\377\000O\000C\000R\000\040\000s\000t\000a\000r\000i\000j\000i\000h\000\040\000t\000e\000k\000s\000t\000o\000v\000a}{}% 14
\BOOKMARK [1][-]{section.3.1}{\376\377\000P\000r\000e\000g\000l\000e\000d\000\040\000l\000i\000t\000e\000r\000a\000t\000u\000r\000e}{chapter.3}% 15
\BOOKMARK [0][-]{chapter.4}{\376\377\000T\000e\000s\000s\000e\000r\000a\000c\000t}{}% 16
\BOOKMARK [1][-]{section.4.1}{\376\377\000P\000r\000e\000d\000o\000b\000r\000a\000d\000a}{chapter.4}% 17
\BOOKMARK [2][-]{subsection.4.1.1}{\376\377\000B\000i\000n\000a\000r\000i\000z\000a\000c\000i\000j\000a}{section.4.1}% 18
\BOOKMARK [2][-]{subsection.4.1.2}{\376\377\000E\000l\000i\000m\000i\000n\000a\000c\000i\000j\000a\000\040\001\141\000u\000m\000a}{section.4.1}% 19
\BOOKMARK [2][-]{subsection.4.1.3}{\376\377\000A\000n\000a\000l\000i\000z\000a\000\040\000u\000r\000e\001\021\000e\000n\000j\000a\000\040\000s\000t\000r\000a\000n\000i\000c\000e}{section.4.1}% 20
\BOOKMARK [0][-]{chapter.5}{\376\377\000O\000c\000u\000l\000a\000r}{}% 21
\BOOKMARK [0][-]{chapter.6}{\376\377\000M\000e\000t\000o\000d\000o\000l\000o\000g\000i\000j\000a}{}% 22
\BOOKMARK [1][-]{section.6.1}{\376\377\000I\000s\000p\000i\000t\000n\000i\000\040\000s\000k\000u\000p\000\040\000p\000o\000d\000a\000t\000a\000k\000a}{chapter.6}% 23
\BOOKMARK [1][-]{section.6.2}{\376\377\000M\000j\000e\000r\000e\000\040\000u\000s\000p\000j\000e\001\141\000n\000o\000s\000t\000i}{chapter.6}% 24
\BOOKMARK [2][-]{subsection.6.2.1}{\376\377\000F\0001\000?}{section.6.2}% 25
\BOOKMARK [2][-]{subsection.6.2.2}{\376\377\000R\000e\000c\000a\000l\000l\000?}{section.6.2}% 26
\BOOKMARK [0][-]{chapter.7}{\376\377\000O\000p\000t\000i\000m\000i\000z\000a\000c\000i\000j\000a\000\040\000O\000c\000u\000l\000a\000r\000a}{}% 27
\BOOKMARK [1][-]{section.7.1}{\376\377\000J\000e\000z\000i\001\015\000n\000i\000\040\000m\000o\000d\000e\000l}{chapter.7}% 28
\BOOKMARK [2][-]{subsection.7.1.1}{\376\377\000P\000r\000o\001\141\000i\000r\000e\000n\000j\000e\000\040\000p\000o\000d\000a\000c\000i\000m\000a\000\040\000v\000a\000n\000\040\000d\000o\000m\000e\000n\000e}{section.7.1}% 29
\BOOKMARK [2][-]{subsection.7.1.2}{\376\377\000P\000r\000o\001\141\000i\000r\000e\000n\000j\000e\000\040\000n\000e\000s\000a\000v\000r\001\141\000e\000n\000i\000m\000\040\000p\000o\000d\000a\000t\000c\000i\000m\000a}{section.7.1}% 30
\BOOKMARK [1][-]{section.7.2}{\376\377\000I\000s\000p\000i\000t\000i\000v\000a\000n\000j\000e\000\040\000o\000r\000t\000o\000g\000r\000a\000f\000s\000k\000i\000h\000\040\000z\000n\000a\001\015\000a\000j\000k\000i}{chapter.7}% 31
\BOOKMARK [0][-]{chapter.8}{\376\377\000S\000i\000n\000t\000e\000z\000a\000\040\000r\000j\000e\001\141\000e\000n\000j\000a}{}% 32
\BOOKMARK [0][-]{chapter.9}{\376\377\000D\000i\000s\000k\000u\000s\000i\000j\000a}{}% 33
\BOOKMARK [0][-]{chapter.10}{\376\377\000Z\000a\000k\000l\000j\000u\001\015\000a\000k}{}% 34
\BOOKMARK [0][-]{chapter*.6}{\376\377\000L\000i\000t\000e\000r\000a\000t\000u\000r\000a}{}% 35
\BOOKMARK [0][-]{chapter*.7}{\376\377\000S\000a\001\176\000e\000t\000a\000k}{}% 36
\BOOKMARK [0][-]{chapter*.8}{\376\377\000A\000b\000s\000t\000r\000a\000c\000t}{}% 37
\BOOKMARK [0][-]{chapter.1}{\376\377\000T\000h\000e\000\040\000C\000o\000d\000e}{}% 38
